<?xml version="1.0" encoding="UTF-8"?>
<!-- Generated by org.testng.reporters.JUnitXMLReporter -->
<testsuite ignored="0" hostname="LAPTOP-GHM1KK1G" failures="0" tests="6" name="Default test" time="14.14" errors="0" timestamp="2025-12-31T12:47:39 CST">
  <testcase classname="testCases.TC02_Login" name="testLogin" time="1.627"/>
  <testcase classname="testCases.TC02_Login" name="testLogin" time="1.351"/>
  <testcase classname="testCases.TC02_Login" name="testLogin" time="1.416"/>
  <testcase classname="testCases.TC02_Login" name="testLogin" time="1.404"/>
  <testcase classname="testCases.TC02_Login" name="testLogin" time="1.444"/>
  <testcase classname="testCases.TC02_Login" name="testLogin" time="1.561"/>
</testsuite> <!-- Default test -->
