<?xml version="1.0" encoding="UTF-8"?>
<!-- Generated by org.testng.reporters.JUnitXMLReporter -->
<testsuite ignored="0" hostname="LAPTOP-GHM1KK1G" failures="0" tests="11" name="chromeTest" time="70.481" errors="0" timestamp="2026-01-10T10:54:44 CST">
  <testcase classname="testCases.TC01_LaunchApplication" name="testLaunchApplication" time="0.08"/>
  <testcase classname="testCases.TC03_AddToCart" name="testAddToCart" time="4.197"/>
  <testcase classname="testCases.TC05_AddToWishList" name="testAddToWishList" time="5.162"/>
  <testcase classname="testCases.TC06_AddAffiliate" name="testAddAffiliate" time="5.728"/>
  <testcase classname="testCases.TC02_Login" name="testLogin" time="4.448"/>
  <testcase classname="testCases.TC02_Login" name="testLogin" time="4.285"/>
  <testcase classname="testCases.TC02_Login" name="testLogin" time="3.15"/>
  <testcase classname="testCases.TC02_Login" name="testLogin" time="1.993"/>
  <testcase classname="testCases.TC02_Login" name="testLogin" time="1.886"/>
  <testcase classname="testCases.TC02_Login" name="testLogin" time="3.851"/>
  <testcase classname="testCases.TC04_CompletePurchase" name="testCompletePurchase" time="11.222"/>
</testsuite> <!-- chromeTest -->
