<?xml version="1.0" encoding="UTF-8"?>
<!-- Generated by org.testng.reporters.JUnitXMLReporter -->
<testsuite ignored="0" hostname="LAPTOP-GHM1KK1G" failures="0" tests="11" name="edgeTest" time="65.331" errors="0" timestamp="2026-01-10T10:54:41 CST">
  <testcase classname="testCases.TC01_LaunchApplication" name="testLaunchApplication" time="0.08"/>
  <testcase classname="testCases.TC03_AddToCart" name="testAddToCart" time="4.644"/>
  <testcase classname="testCases.TC05_AddToWishList" name="testAddToWishList" time="5.429"/>
  <testcase classname="testCases.TC06_AddAffiliate" name="testAddAffiliate" time="6.504"/>
  <testcase classname="testCases.TC02_Login" name="testLogin" time="3.223"/>
  <testcase classname="testCases.TC02_Login" name="testLogin" time="2.232"/>
  <testcase classname="testCases.TC02_Login" name="testLogin" time="4.155"/>
  <testcase classname="testCases.TC02_Login" name="testLogin" time="2.291"/>
  <testcase classname="testCases.TC02_Login" name="testLogin" time="1.912"/>
  <testcase classname="testCases.TC02_Login" name="testLogin" time="2.069"/>
  <testcase classname="testCases.TC04_CompletePurchase" name="testCompletePurchase" time="10.707"/>
</testsuite> <!-- edgeTest -->
