<?xml version="1.0" encoding="UTF-8"?>
<!-- Generated by org.testng.reporters.JUnitXMLReporter -->
<testsuite ignored="0" hostname="LAPTOP-GHM1KK1G" failures="0" tests="11" name="firefoxTest" time="93.011" errors="0" timestamp="2026-01-10T10:55:07 CST">
  <testcase classname="testCases.TC01_LaunchApplication" name="testLaunchApplication" time="0.036"/>
  <testcase classname="testCases.TC03_AddToCart" name="testAddToCart" time="3.647"/>
  <testcase classname="testCases.TC05_AddToWishList" name="testAddToWishList" time="4.554"/>
  <testcase classname="testCases.TC06_AddAffiliate" name="testAddAffiliate" time="4.111"/>
  <testcase classname="testCases.TC02_Login" name="testLogin" time="0.973"/>
  <testcase classname="testCases.TC02_Login" name="testLogin" time="0.973"/>
  <testcase classname="testCases.TC02_Login" name="testLogin" time="1.013"/>
  <testcase classname="testCases.TC02_Login" name="testLogin" time="0.899"/>
  <testcase classname="testCases.TC02_Login" name="testLogin" time="0.861"/>
  <testcase classname="testCases.TC02_Login" name="testLogin" time="0.92"/>
  <testcase classname="testCases.TC04_CompletePurchase" name="testCompletePurchase" time="6.77"/>
</testsuite> <!-- firefoxTest -->
