<?xml version="1.0" encoding="UTF-8"?>
<!-- Generated by org.testng.reporters.JUnitXMLReporter -->
<testsuite ignored="0" hostname="LAPTOP-GHM1KK1G" failures="0" tests="11" name="Test" time="43.155" errors="0" timestamp="2025-12-31T13:13:18 CST">
  <testcase classname="testCases.TC01_LaunchApplication" name="testLaunchAppliation" time="0.065"/>
  <testcase classname="testCases.TC03_AddToCart" name="testAddToCart" time="3.507"/>
  <testcase classname="testCases.TC05_AddToWishList" name="testAddToWishList" time="3.507"/>
  <testcase classname="testCases.TC06_AddAffiliate" name="testAddAffiliate" time="3.973"/>
  <testcase classname="testCases.TC02_Login" name="testLogin" time="1.615"/>
  <testcase classname="testCases.TC02_Login" name="testLogin" time="1.388"/>
  <testcase classname="testCases.TC02_Login" name="testLogin" time="1.504"/>
  <testcase classname="testCases.TC02_Login" name="testLogin" time="1.397"/>
  <testcase classname="testCases.TC02_Login" name="testLogin" time="1.391"/>
  <testcase classname="testCases.TC02_Login" name="testLogin" time="1.519"/>
  <testcase classname="testCases.TC04_CompletePurchase" name="testCompletePurchase" time="7.024"/>
</testsuite> <!-- Test -->
