<?xml version="1.0" encoding="UTF-8"?>
<!-- Generated by org.testng.reporters.JUnitReportReporter -->
<testsuite hostname="LAPTOP-GHM1KK1G" failures="0" tests="3" name="testCases.TC05_AddToWishList" time="15.145" errors="0" timestamp="2026-01-10T10:55:07 CST" skipped="0">
  <testcase classname="testCases.TC05_AddToWishList" name="testAddToWishList" time="4.554"/>
  <testcase classname="testCases.TC05_AddToWishList" name="testAddToWishList" time="5.429"/>
  <testcase classname="testCases.TC05_AddToWishList" name="testAddToWishList" time="5.162"/>
</testsuite> <!-- testCases.TC05_AddToWishList -->
