<?xml version="1.0" encoding="UTF-8"?>
<!-- Generated by org.testng.reporters.JUnitReportReporter -->
<testsuite hostname="LAPTOP-GHM1KK1G" failures="0" tests="3" name="testCases.TC06_AddAffiliate" time="16.343" errors="0" timestamp="2026-01-10T10:55:07 CST" skipped="0">
  <testcase classname="testCases.TC06_AddAffiliate" name="testAddAffiliate" time="5.728"/>
  <testcase classname="testCases.TC06_AddAffiliate" name="testAddAffiliate" time="4.111"/>
  <testcase classname="testCases.TC06_AddAffiliate" name="testAddAffiliate" time="6.504"/>
</testsuite> <!-- testCases.TC06_AddAffiliate -->
