<?xml version="1.0" encoding="UTF-8"?>
<!-- Generated by org.testng.reporters.JUnitReportReporter -->
<testsuite hostname="LAPTOP-GHM1KK1G" failures="0" tests="3" name="testCases.TC03_AddToCart" time="12.488" errors="0" timestamp="2026-01-10T10:55:07 CST" skipped="0">
  <testcase classname="testCases.TC03_AddToCart" name="testAddToCart" time="3.647"/>
  <testcase classname="testCases.TC03_AddToCart" name="testAddToCart" time="4.644"/>
  <testcase classname="testCases.TC03_AddToCart" name="testAddToCart" time="4.197"/>
</testsuite> <!-- testCases.TC03_AddToCart -->
