<?xml version="1.0" encoding="UTF-8"?>
<!-- Generated by org.testng.reporters.JUnitReportReporter -->
<testsuite hostname="LAPTOP-GHM1KK1G" failures="0" tests="18" name="testCases.TC02_Login" time="41.134" errors="0" timestamp="2026-01-10T10:55:07 CST" skipped="0">
  <testcase classname="testCases.TC02_Login" name="testLogin" time="3.851"/>
  <testcase classname="testCases.TC02_Login" name="testLogin" time="3.223"/>
  <testcase classname="testCases.TC02_Login" name="testLogin" time="1.886"/>
  <testcase classname="testCases.TC02_Login" name="testLogin" time="2.232"/>
  <testcase classname="testCases.TC02_Login" name="testLogin" time="0.920"/>
  <testcase classname="testCases.TC02_Login" name="testLogin" time="4.285"/>
  <testcase classname="testCases.TC02_Login" name="testLogin" time="4.448"/>
  <testcase classname="testCases.TC02_Login" name="testLogin" time="0.973"/>
  <testcase classname="testCases.TC02_Login" name="testLogin" time="4.155"/>
  <testcase classname="testCases.TC02_Login" name="testLogin" time="1.013"/>
  <testcase classname="testCases.TC02_Login" name="testLogin" time="0.861"/>
  <testcase classname="testCases.TC02_Login" name="testLogin" time="2.291"/>
  <testcase classname="testCases.TC02_Login" name="testLogin" time="3.150"/>
  <testcase classname="testCases.TC02_Login" name="testLogin" time="1.912"/>
  <testcase classname="testCases.TC02_Login" name="testLogin" time="2.069"/>
  <testcase classname="testCases.TC02_Login" name="testLogin" time="0.899"/>
  <testcase classname="testCases.TC02_Login" name="testLogin" time="1.993"/>
  <testcase classname="testCases.TC02_Login" name="testLogin" time="0.973"/>
</testsuite> <!-- testCases.TC02_Login -->
