<?xml version="1.0" encoding="UTF-8"?>
<!-- Generated by org.testng.reporters.JUnitReportReporter -->
<testsuite hostname="LAPTOP-GHM1KK1G" failures="0" tests="3" name="testCases.TC01_LaunchApplication" time="0.196" errors="0" timestamp="2026-01-10T10:55:07 CST" skipped="0">
  <testcase classname="testCases.TC01_LaunchApplication" name="testLaunchApplication" time="0.080"/>
  <testcase classname="testCases.TC01_LaunchApplication" name="testLaunchApplication" time="0.036"/>
  <testcase classname="testCases.TC01_LaunchApplication" name="testLaunchApplication" time="0.080"/>
</testsuite> <!-- testCases.TC01_LaunchApplication -->
