<?xml version="1.0" encoding="UTF-8"?>
<!-- Generated by org.testng.reporters.JUnitReportReporter -->
<testsuite hostname="LAPTOP-GHM1KK1G" failures="0" tests="3" name="testCases.TC04_CompletePurchase" time="28.699" errors="0" timestamp="2026-01-10T10:55:07 CST" skipped="0">
  <testcase classname="testCases.TC04_CompletePurchase" name="testCompletePurchase" time="6.770"/>
  <testcase classname="testCases.TC04_CompletePurchase" name="testCompletePurchase" time="11.222"/>
  <testcase classname="testCases.TC04_CompletePurchase" name="testCompletePurchase" time="10.707"/>
</testsuite> <!-- testCases.TC04_CompletePurchase -->
