<?xml version="1.0" encoding="UTF-8"?>
<!-- Generated by org.testng.reporters.JUnitReportReporter -->
<testsuite hostname="LAPTOP-GHM1KK1G" failures="0" tests="3" name="testCases.TC06_AddAffiliate" time="18.865" errors="0" timestamp="2026-01-11T17:25:19 CST" skipped="0">
  <testcase classname="testCases.TC06_AddAffiliate" name="testAddAffiliate" time="6.338"/>
  <testcase classname="testCases.TC06_AddAffiliate" name="testAddAffiliate" time="4.805"/>
  <testcase classname="testCases.TC06_AddAffiliate" name="testAddAffiliate" time="7.722"/>
</testsuite> <!-- testCases.TC06_AddAffiliate -->
