<?xml version="1.0" encoding="UTF-8"?>
<!-- Generated by org.testng.reporters.JUnitReportReporter -->
<testsuite hostname="LAPTOP-GHM1KK1G" failures="0" tests="18" name="testCases.TC02_Login" time="51.053" errors="0" timestamp="2026-01-11T17:25:19 CST" skipped="0">
  <testcase classname="testCases.TC02_Login" name="testLogin" time="3.239"/>
  <testcase classname="testCases.TC02_Login" name="testLogin" time="1.686"/>
  <testcase classname="testCases.TC02_Login" name="testLogin" time="2.608"/>
  <testcase classname="testCases.TC02_Login" name="testLogin" time="3.604"/>
  <testcase classname="testCases.TC02_Login" name="testLogin" time="4.432"/>
  <testcase classname="testCases.TC02_Login" name="testLogin" time="3.604"/>
  <testcase classname="testCases.TC02_Login" name="testLogin" time="1.592"/>
  <testcase classname="testCases.TC02_Login" name="testLogin" time="1.754"/>
  <testcase classname="testCases.TC02_Login" name="testLogin" time="3.463"/>
  <testcase classname="testCases.TC02_Login" name="testLogin" time="3.176"/>
  <testcase classname="testCases.TC02_Login" name="testLogin" time="3.136"/>
  <testcase classname="testCases.TC02_Login" name="testLogin" time="2.138"/>
  <testcase classname="testCases.TC02_Login" name="testLogin" time="3.014"/>
  <testcase classname="testCases.TC02_Login" name="testLogin" time="1.468"/>
  <testcase classname="testCases.TC02_Login" name="testLogin" time="1.673"/>
  <testcase classname="testCases.TC02_Login" name="testLogin" time="4.560"/>
  <testcase classname="testCases.TC02_Login" name="testLogin" time="3.416"/>
  <testcase classname="testCases.TC02_Login" name="testLogin" time="2.490"/>
</testsuite> <!-- testCases.TC02_Login -->
