<?xml version="1.0" encoding="UTF-8"?>
<!-- Generated by org.testng.reporters.JUnitReportReporter -->
<testsuite hostname="LAPTOP-GHM1KK1G" failures="0" tests="3" name="testCases.TC04_CompletePurchase" time="38.794" errors="0" timestamp="2026-01-11T17:25:19 CST" skipped="0">
  <testcase classname="testCases.TC04_CompletePurchase" name="testCompletePurchase" time="15.652"/>
  <testcase classname="testCases.TC04_CompletePurchase" name="testCompletePurchase" time="14.685"/>
  <testcase classname="testCases.TC04_CompletePurchase" name="testCompletePurchase" time="8.457"/>
</testsuite> <!-- testCases.TC04_CompletePurchase -->
