<?xml version="1.0" encoding="UTF-8"?>
<!-- Generated by org.testng.reporters.JUnitReportReporter -->
<testsuite hostname="LAPTOP-GHM1KK1G" failures="0" tests="3" name="testCases.TC01_LaunchApplication" time="0.307" errors="0" timestamp="2026-01-11T17:25:19 CST" skipped="0">
  <testcase classname="testCases.TC01_LaunchApplication" name="testLaunchApplication" time="0.145"/>
  <testcase classname="testCases.TC01_LaunchApplication" name="testLaunchApplication" time="0.050"/>
  <testcase classname="testCases.TC01_LaunchApplication" name="testLaunchApplication" time="0.112"/>
</testsuite> <!-- testCases.TC01_LaunchApplication -->
