<?xml version="1.0" encoding="UTF-8"?>
<!-- Generated by org.testng.reporters.JUnitReportReporter -->
<testsuite hostname="LAPTOP-GHM1KK1G" failures="0" tests="3" name="testCases.TC03_AddToCart" time="16.866" errors="0" timestamp="2026-01-11T17:25:19 CST" skipped="0">
  <testcase classname="testCases.TC03_AddToCart" name="testAddToCart" time="4.278"/>
  <testcase classname="testCases.TC03_AddToCart" name="testAddToCart" time="5.951"/>
  <testcase classname="testCases.TC03_AddToCart" name="testAddToCart" time="6.637"/>
</testsuite> <!-- testCases.TC03_AddToCart -->
